<?xml version="1.0" encoding="UTF-8"?>
<!-- Generated by org.testng.reporters.JUnitXMLReporter -->
<testsuite hostname="EPUALVIW1172" name="Surefire test" tests="1" failures="1" timestamp="3 Nov 2015 10:04:17 GMT" time="24.99" errors="0">
  <testcase name="testScenario" time="19.806" classname="com.epam.test.GmailTest">
    <failure type="org.openqa.selenium.WebDriverException" message="document.getElementsByClassName(...)[0] is undefined
Command duration or timeout: 7 milliseconds
Build info: version: &amp;apos;2.48.2&amp;apos;, revision: &amp;apos;41bccdd10cf2c0560f637404c2d96164b67d9d67&amp;apos;, time: &amp;apos;2015-10-09 13:08:06&amp;apos;
System info: host: &amp;apos;EPUALVIW1172&amp;apos;, ip: &amp;apos;10.25.10.228&amp;apos;, os.name: &amp;apos;Windows 8.1&amp;apos;, os.arch: &amp;apos;amd64&amp;apos;, os.version: &amp;apos;6.3&amp;apos;, java.version: &amp;apos;1.8.0_65&amp;apos;
Driver info: org.openqa.selenium.firefox.FirefoxDriver
Capabilities [{applicationCacheEnabled=true, rotatable=false, handlesAlerts=true, databaseEnabled=true, version=41.0.2, platform=WINDOWS, nativeEvents=false, acceptSslCerts=true, webStorageEnabled=true, locationContextEnabled=true, browserName=firefox, takesScreenshot=true, javascriptEnabled=true, cssSelectorsEnabled=true}]
Session ID: 07626373-dd8b-434f-a07f-1da3929259fa">
      <![CDATA[org.openqa.selenium.WebDriverException: document.getElementsByClassName(...)[0] is undefined
Command duration or timeout: 7 milliseconds
Build info: version: '2.48.2', revision: '41bccdd10cf2c0560f637404c2d96164b67d9d67', time: '2015-10-09 13:08:06'
System info: host: 'EPUALVIW1172', ip: '10.25.10.228', os.name: 'Windows 8.1', os.arch: 'amd64', os.version: '6.3', java.version: '1.8.0_65'
Driver info: org.openqa.selenium.firefox.FirefoxDriver
Capabilities [{applicationCacheEnabled=true, rotatable=false, handlesAlerts=true, databaseEnabled=true, version=41.0.2, platform=WINDOWS, nativeEvents=false, acceptSslCerts=true, webStorageEnabled=true, locationContextEnabled=true, browserName=firefox, takesScreenshot=true, javascriptEnabled=true, cssSelectorsEnabled=true}]
Session ID: 07626373-dd8b-434f-a07f-1da3929259fa
	at org.openqa.selenium.remote.ErrorHandler.createThrowable(ErrorHandler.java:206)
	at org.openqa.selenium.remote.ErrorHandler.throwIfResponseFailed(ErrorHandler.java:158)
	at org.openqa.selenium.remote.RemoteWebDriver.execute(RemoteWebDriver.java:647)
	at org.openqa.selenium.remote.RemoteWebDriver.executeScript(RemoteWebDriver.java:556)
	at com.epam.page.TrashMessagesPage.clickSendToInbox(TrashMessagesPage.java:34)
	at com.epam.test.GmailTest.testScenario(GmailTest.java:117)
Caused by: org.openqa.selenium.WebDriverException: document.getElementsByClassName(...)[0] is undefined
Build info: version: '2.48.2', revision: '41bccdd10cf2c0560f637404c2d96164b67d9d67', time: '2015-10-09 13:08:06'
System info: host: 'EPUALVIW1172', ip: '10.25.10.228', os.name: 'Windows 8.1', os.arch: 'amd64', os.version: '6.3', java.version: '1.8.0_65'
Driver info: driver.version: unknown
	at <anonymous class>.anonymous(https://mail.google.com/mail/u/0/#inbox line 69 > Function:1)
	at <anonymous class>.handleEvaluateEvent(https://mail.google.com/mail/u/0/#inbox:69)
... Removed 32 stack frames]]>
    </failure>
  </testcase> <!-- testScenario -->
</testsuite> <!-- Surefire test -->
